e:\vs2017\projekte\xrnecksafer\xr_apilayer_novendor_xrnecksafer\x64\debug\xr_apilayer_novendor_xrnecksafer.pch
e:\vs2017\projekte\xrnecksafer\xr_apilayer_novendor_xrnecksafer\x64\debug\vc142.pdb
e:\vs2017\projekte\xrnecksafer\xr_apilayer_novendor_xrnecksafer\x64\debug\vc142.idb
e:\vs2017\projekte\xrnecksafer\xr_apilayer_novendor_xrnecksafer\x64\debug\pch.obj
e:\vs2017\projekte\xrnecksafer\xr_apilayer_novendor_xrnecksafer\x64\debug\dllmain.obj
e:\vs2017\projekte\xrnecksafer\x64\debug\xr_apilayer_novendor_xrnecksafer.lib
e:\vs2017\projekte\xrnecksafer\x64\debug\xr_apilayer_novendor_xrnecksafer.exp
e:\vs2017\projekte\xrnecksafer\x64\debug\xr_apilayer_novendor_xrnecksafer.pdb
e:\vs2017\projekte\xrnecksafer\xr_apilayer_novendor_xrnecksafer\x64\debug\xr_apila.92e50b91.tlog\cl.command.1.tlog
e:\vs2017\projekte\xrnecksafer\xr_apilayer_novendor_xrnecksafer\x64\debug\xr_apila.92e50b91.tlog\cl.read.1.tlog
e:\vs2017\projekte\xrnecksafer\xr_apilayer_novendor_xrnecksafer\x64\debug\xr_apila.92e50b91.tlog\cl.write.1.tlog
e:\vs2017\projekte\xrnecksafer\xr_apilayer_novendor_xrnecksafer\x64\debug\xr_apila.92e50b91.tlog\link.22624-cvtres.read.1.tlog
e:\vs2017\projekte\xrnecksafer\xr_apilayer_novendor_xrnecksafer\x64\debug\xr_apila.92e50b91.tlog\link.22624-cvtres.write.1.tlog
e:\vs2017\projekte\xrnecksafer\xr_apilayer_novendor_xrnecksafer\x64\debug\xr_apila.92e50b91.tlog\link.22624-rc.read.1.tlog
e:\vs2017\projekte\xrnecksafer\xr_apilayer_novendor_xrnecksafer\x64\debug\xr_apila.92e50b91.tlog\link.22624-rc.write.1.tlog
e:\vs2017\projekte\xrnecksafer\xr_apilayer_novendor_xrnecksafer\x64\debug\xr_apila.92e50b91.tlog\link.22624.read.1.tlog
e:\vs2017\projekte\xrnecksafer\xr_apilayer_novendor_xrnecksafer\x64\debug\xr_apila.92e50b91.tlog\link.22624.write.1.tlog
e:\vs2017\projekte\xrnecksafer\xr_apilayer_novendor_xrnecksafer\x64\debug\xr_apila.92e50b91.tlog\link.command.1.tlog
e:\vs2017\projekte\xrnecksafer\xr_apilayer_novendor_xrnecksafer\x64\debug\xr_apila.92e50b91.tlog\link.read.1.tlog
e:\vs2017\projekte\xrnecksafer\xr_apilayer_novendor_xrnecksafer\x64\debug\xr_apila.92e50b91.tlog\link.write.1.tlog
e:\vs2017\projekte\xrnecksafer\xr_apilayer_novendor_xrnecksafer\x64\debug\xr_apila.92e50b91.tlog\xr_apilayer_novendor_xrnecksafer.write.1u.tlog
